2024-05-14 19:32:03,687 p=357 u=auto n=ansible | PLAY [edgerouter update] ********************************************************************************************************************************************************************************************************************
2024-05-14 19:32:03,701 p=357 u=auto n=ansible | TASK [Gathering Facts] **********************************************************************************************************************************************************************************************************************
2024-05-14 19:32:09,886 p=357 u=auto n=ansible | ok: [gw-tlc.msln.net]
2024-05-14 19:32:09,919 p=357 u=auto n=ansible | TASK [saving running config] ****************************************************************************************************************************************************************************************************************
2024-05-14 19:32:11,825 p=357 u=auto n=ansible | changed: [gw-tlc.msln.net]
2024-05-14 19:32:11,846 p=357 u=auto n=ansible | TASK [determining model] ********************************************************************************************************************************************************************************************************************
2024-05-14 19:32:12,937 p=357 u=auto n=ansible | changed: [gw-tlc.msln.net]
2024-05-14 19:32:12,957 p=357 u=auto n=ansible | TASK [build command] ************************************************************************************************************************************************************************************************************************
2024-05-14 19:32:12,997 p=357 u=auto n=ansible | skipping: [gw-tlc.msln.net] => (item={'model': 'EdgeRouter Pro 8-Port', 'file': 'http://130.111.32.130/ubnt/ER-e200.v2.0.9-hotfix.7.5622762.tar'}) 
2024-05-14 19:32:13,004 p=357 u=auto n=ansible | ok: [gw-tlc.msln.net] => (item={'model': 'EdgeRouter 4', 'file': 'http://130.111.32.130/ubnt/ER-e300.v2.0.9-hotfix.7.5622762.tar'})
2024-05-14 19:32:13,004 p=357 u=auto n=ansible | skipping: [gw-tlc.msln.net] => (item={'model': 'EdgeRouter Infinity', 'file': 'http://130.111.32.130/ubnt/ER-e1000.v2.0.9-hotfix.7.5622762.tar'}) 
2024-05-14 19:32:13,027 p=357 u=auto n=ansible | TASK [print model] **************************************************************************************************************************************************************************************************************************
2024-05-14 19:32:13,068 p=357 u=auto n=ansible | ok: [gw-tlc.msln.net] => {
    "msg": "EdgeRouter 4"
}
2024-05-14 19:32:13,080 p=357 u=auto n=ansible | TASK [debug model] **************************************************************************************************************************************************************************************************************************
2024-05-14 19:32:13,163 p=357 u=auto n=ansible | skipping: [gw-tlc.msln.net]
2024-05-14 19:32:13,176 p=357 u=auto n=ansible | TASK [end play for host] ********************************************************************************************************************************************************************************************************************
2024-05-14 19:32:13,191 p=357 u=auto n=ansible | skipping: [gw-tlc.msln.net]
2024-05-14 19:32:13,201 p=357 u=auto n=ansible | TASK [pulling image] ************************************************************************************************************************************************************************************************************************
2024-05-14 19:32:28,001 p=357 u=auto n=ansible | changed: [gw-tlc.msln.net]
2024-05-14 19:32:28,012 p=357 u=auto n=ansible | TASK [terminating play for host] ************************************************************************************************************************************************************************************************************
2024-05-14 19:32:28,025 p=357 u=auto n=ansible | skipping: [gw-tlc.msln.net]
2024-05-14 19:32:28,036 p=357 u=auto n=ansible | TASK [if stdout or stderr print to log] *****************************************************************************************************************************************************************************************************
2024-05-14 19:32:28,066 p=357 u=auto n=ansible | skipping: [gw-tlc.msln.net]
2024-05-14 19:32:28,090 p=357 u=auto n=ansible | TASK [upgrade successfull! -> REBOOTING HOST] ***********************************************************************************************************************************************************************************************
2024-05-14 19:34:26,348 p=357 u=auto n=ansible | changed: [gw-tlc.msln.net]
2024-05-14 19:34:26,358 p=357 u=auto n=ansible | TASK [pulling build id] *********************************************************************************************************************************************************************************************************************
2024-05-14 19:34:29,212 p=357 u=auto n=ansible | changed: [gw-tlc.msln.net]
2024-05-14 19:34:29,227 p=357 u=auto n=ansible | TASK [verifying new build id] ***************************************************************************************************************************************************************************************************************
2024-05-14 19:34:29,262 p=357 u=auto n=ansible | ok: [gw-tlc.msln.net] => {
    "msg": "  \"Upgrade for gw-TLC was completed successfully!\"\n"
}
2024-05-14 19:34:29,280 p=357 u=auto n=ansible | TASK [deleting old image] *******************************************************************************************************************************************************************************************************************
2024-05-14 19:34:33,046 p=357 u=auto n=ansible | changed: [gw-tlc.msln.net]
2024-05-14 19:34:33,058 p=357 u=auto n=ansible | TASK [debug image removal] ******************************************************************************************************************************************************************************************************************
2024-05-14 19:34:33,092 p=357 u=auto n=ansible | ok: [gw-tlc.msln.net] => {
    "msg": "  \"The system currently has the following image(s) installed:\n\nv2.0.9-hotfix.7.5622762.230615.1131 (running image) (default boot) \nv1.10.11.5274269.200221.1029   \n\nYou are about to delete image [v1.10.11.5274269.200221.1029]\nRemoving old image... Done\"\n"
}
2024-05-14 19:34:33,106 p=357 u=auto n=ansible | TASK [ending play for host if error in image removal] ***************************************************************************************************************************************************************************************
2024-05-14 19:34:33,117 p=357 u=auto n=ansible | skipping: [gw-tlc.msln.net]
2024-05-14 19:34:33,127 p=357 u=auto n=ansible | TASK [image successfully deleted! -> REBOOTING HOST] ****************************************************************************************************************************************************************************************
2024-05-14 19:36:27,197 p=357 u=auto n=ansible | changed: [gw-tlc.msln.net]
2024-05-14 19:36:27,218 p=357 u=auto n=ansible | PLAY RECAP **********************************************************************************************************************************************************************************************************************************
2024-05-14 19:36:27,218 p=357 u=auto n=ansible | gw-tlc.msln.net            : ok=12   changed=7    unreachable=0    failed=0    skipped=2    rescued=0    ignored=0   
