2024-05-14 19:39:26,760 p=617 u=auto n=ansible | PLAY [edgerouter update] ********************************************************************************************************************************************************************************************************************
2024-05-14 19:39:26,775 p=617 u=auto n=ansible | TASK [Gathering Facts] **********************************************************************************************************************************************************************************************************************
2024-05-14 19:39:33,152 p=617 u=auto n=ansible | ok: [gw-mecc.msln.net]
2024-05-14 19:39:33,201 p=617 u=auto n=ansible | ok: [gw-mtnviewydc.msln.net]
2024-05-14 19:39:33,233 p=617 u=auto n=ansible | TASK [saving running config] ****************************************************************************************************************************************************************************************************************
2024-05-14 19:39:35,525 p=617 u=auto n=ansible | changed: [gw-mtnviewydc.msln.net]
2024-05-14 19:39:35,542 p=617 u=auto n=ansible | changed: [gw-mecc.msln.net]
2024-05-14 19:39:35,554 p=617 u=auto n=ansible | TASK [determining model] ********************************************************************************************************************************************************************************************************************
2024-05-14 19:39:36,785 p=617 u=auto n=ansible | changed: [gw-mtnviewydc.msln.net]
2024-05-14 19:39:36,903 p=617 u=auto n=ansible | changed: [gw-mecc.msln.net]
2024-05-14 19:39:36,921 p=617 u=auto n=ansible | TASK [build command] ************************************************************************************************************************************************************************************************************************
2024-05-14 19:39:36,971 p=617 u=auto n=ansible | ok: [gw-mtnviewydc.msln.net] => (item={'model': 'EdgeRouter Pro 8-Port', 'file': 'http://130.111.32.130/ubnt/ER-e200.v2.0.9-hotfix.7.5622762.tar'})
2024-05-14 19:39:36,972 p=617 u=auto n=ansible | skipping: [gw-mtnviewydc.msln.net] => (item={'model': 'EdgeRouter 4', 'file': 'http://130.111.32.130/ubnt/ER-e300.v2.0.9-hotfix.7.5622762.tar'}) 
2024-05-14 19:39:36,972 p=617 u=auto n=ansible | skipping: [gw-mtnviewydc.msln.net] => (item={'model': 'EdgeRouter Infinity', 'file': 'http://130.111.32.130/ubnt/ER-e1000.v2.0.9-hotfix.7.5622762.tar'}) 
2024-05-14 19:39:36,991 p=617 u=auto n=ansible | skipping: [gw-mecc.msln.net] => (item={'model': 'EdgeRouter Pro 8-Port', 'file': 'http://130.111.32.130/ubnt/ER-e200.v2.0.9-hotfix.7.5622762.tar'}) 
2024-05-14 19:39:37,000 p=617 u=auto n=ansible | ok: [gw-mecc.msln.net] => (item={'model': 'EdgeRouter 4', 'file': 'http://130.111.32.130/ubnt/ER-e300.v2.0.9-hotfix.7.5622762.tar'})
2024-05-14 19:39:37,001 p=617 u=auto n=ansible | skipping: [gw-mecc.msln.net] => (item={'model': 'EdgeRouter Infinity', 'file': 'http://130.111.32.130/ubnt/ER-e1000.v2.0.9-hotfix.7.5622762.tar'}) 
2024-05-14 19:39:37,016 p=617 u=auto n=ansible | TASK [print model] **************************************************************************************************************************************************************************************************************************
2024-05-14 19:39:37,059 p=617 u=auto n=ansible | ok: [gw-mtnviewydc.msln.net] => {
    "msg": "EdgeRouter Pro 8-Port"
}
2024-05-14 19:39:37,084 p=617 u=auto n=ansible | ok: [gw-mecc.msln.net] => {
    "msg": "EdgeRouter 4"
}
2024-05-14 19:39:37,098 p=617 u=auto n=ansible | TASK [debug model] **************************************************************************************************************************************************************************************************************************
2024-05-14 19:39:37,138 p=617 u=auto n=ansible | skipping: [gw-mtnviewydc.msln.net]
2024-05-14 19:39:37,159 p=617 u=auto n=ansible | skipping: [gw-mecc.msln.net]
2024-05-14 19:39:37,174 p=617 u=auto n=ansible | TASK [end play for host] ********************************************************************************************************************************************************************************************************************
2024-05-14 19:39:37,193 p=617 u=auto n=ansible | skipping: [gw-mtnviewydc.msln.net]
2024-05-14 19:39:37,234 p=617 u=auto n=ansible | TASK [end play for host] ********************************************************************************************************************************************************************************************************************
2024-05-14 19:39:37,248 p=617 u=auto n=ansible | skipping: [gw-mecc.msln.net]
2024-05-14 19:39:37,259 p=617 u=auto n=ansible | TASK [pulling image] ************************************************************************************************************************************************************************************************************************
2024-05-14 19:39:51,289 p=617 u=auto n=ansible | changed: [gw-mecc.msln.net]
2024-05-14 19:40:55,520 p=617 u=auto n=ansible | changed: [gw-mtnviewydc.msln.net]
2024-05-14 19:40:55,533 p=617 u=auto n=ansible | TASK [terminating play for host] ************************************************************************************************************************************************************************************************************
2024-05-14 19:40:55,547 p=617 u=auto n=ansible | skipping: [gw-mtnviewydc.msln.net]
2024-05-14 19:40:55,557 p=617 u=auto n=ansible | TASK [terminating play for host] ************************************************************************************************************************************************************************************************************
2024-05-14 19:40:55,568 p=617 u=auto n=ansible | skipping: [gw-mecc.msln.net]
2024-05-14 19:40:55,580 p=617 u=auto n=ansible | TASK [if stdout or stderr print to log] *****************************************************************************************************************************************************************************************************
2024-05-14 19:40:55,617 p=617 u=auto n=ansible | skipping: [gw-mtnviewydc.msln.net]
2024-05-14 19:40:55,636 p=617 u=auto n=ansible | skipping: [gw-mecc.msln.net]
2024-05-14 19:40:55,651 p=617 u=auto n=ansible | TASK [upgrade successfull! -> REBOOTING HOST] ***********************************************************************************************************************************************************************************************
2024-05-14 19:42:44,274 p=617 u=auto n=ansible | changed: [gw-mtnviewydc.msln.net]
2024-05-14 19:43:04,381 p=617 u=auto n=ansible | changed: [gw-mecc.msln.net]
2024-05-14 19:43:04,391 p=617 u=auto n=ansible | TASK [pulling build id] *********************************************************************************************************************************************************************************************************************
2024-05-14 19:43:07,341 p=617 u=auto n=ansible | changed: [gw-mtnviewydc.msln.net]
2024-05-14 19:43:07,356 p=617 u=auto n=ansible | changed: [gw-mecc.msln.net]
2024-05-14 19:43:07,368 p=617 u=auto n=ansible | TASK [verifying new build id] ***************************************************************************************************************************************************************************************************************
2024-05-14 19:43:07,410 p=617 u=auto n=ansible | ok: [gw-mtnviewydc.msln.net] => {
    "msg": "  \"Upgrade for GW-MtnViewYDC was completed successfully!\"\n"
}
2024-05-14 19:43:07,430 p=617 u=auto n=ansible | ok: [gw-mecc.msln.net] => {
    "msg": "  \"Upgrade for gw-mecc was completed successfully!\"\n"
}
2024-05-14 19:43:07,445 p=617 u=auto n=ansible | TASK [deleting old image] *******************************************************************************************************************************************************************************************************************
2024-05-14 19:43:11,494 p=617 u=auto n=ansible | changed: [gw-mecc.msln.net]
2024-05-14 19:43:12,219 p=617 u=auto n=ansible | changed: [gw-mtnviewydc.msln.net]
2024-05-14 19:43:12,230 p=617 u=auto n=ansible | TASK [debug image removal] ******************************************************************************************************************************************************************************************************************
2024-05-14 19:43:12,268 p=617 u=auto n=ansible | ok: [gw-mtnviewydc.msln.net] => {
    "msg": "  \"The system currently has the following image(s) installed:\n\nv2.0.9-hotfix.7.5622762.230615.1131 (running image) (default boot) \nv2.0.9-hotfix.2.5402463.210511.1317 \n\nYou are about to delete image [v2.0.9-hotfix.2.5402463.210511.1317]\nRemoving old image... Done\"\n"
}
2024-05-14 19:43:12,289 p=617 u=auto n=ansible | ok: [gw-mecc.msln.net] => {
    "msg": "  \"The system currently has the following image(s) installed:\n\nv2.0.9-hotfix.7.5622762.230615.1131 (running image) (default boot) \nv2.0.9-hotfix.2.5402463.210511.1317 \n\nYou are about to delete image [v2.0.9-hotfix.2.5402463.210511.1317]\nRemoving old image... Done\"\n"
}
2024-05-14 19:43:12,303 p=617 u=auto n=ansible | TASK [ending play for host if error in image removal] ***************************************************************************************************************************************************************************************
2024-05-14 19:43:12,317 p=617 u=auto n=ansible | skipping: [gw-mtnviewydc.msln.net]
2024-05-14 19:43:12,327 p=617 u=auto n=ansible | TASK [ending play for host if error in image removal] ***************************************************************************************************************************************************************************************
2024-05-14 19:43:12,338 p=617 u=auto n=ansible | skipping: [gw-mecc.msln.net]
2024-05-14 19:43:12,349 p=617 u=auto n=ansible | TASK [image successfully deleted! -> REBOOTING HOST] ****************************************************************************************************************************************************************************************
2024-05-14 19:45:15,104 p=617 u=auto n=ansible | changed: [gw-mtnviewydc.msln.net]
2024-05-14 19:47:11,593 p=617 u=auto n=ansible | changed: [gw-mecc.msln.net]
2024-05-14 19:47:11,618 p=617 u=auto n=ansible | PLAY RECAP **********************************************************************************************************************************************************************************************************************************
2024-05-14 19:47:11,618 p=617 u=auto n=ansible | gw-mecc.msln.net           : ok=12   changed=7    unreachable=0    failed=0    skipped=2    rescued=0    ignored=0   
2024-05-14 19:47:11,618 p=617 u=auto n=ansible | gw-mtnviewydc.msln.net     : ok=12   changed=7    unreachable=0    failed=0    skipped=2    rescued=0    ignored=0   
